Creating network
Number of parameters 3838360
Getting train files...
(9840, 2048, 3) (9840, 1)
Getting test files...
(2468, 2048, 3) (2468, 1)
done
Creating dataloaders...done
Predictions loss 1.53161e-01 OA 0.38493 AA 0.34885 IOU 0.18836
Predictions loss 7.20167e-02 OA 0.65721 AA 0.59118 IOU 0.42535
Predictions loss 4.31128e-02 OA 0.79335 AA 0.73776 IOU 0.60871
Predictions loss 3.76481e-02 OA 0.82172 AA 0.74510 IOU 0.61955
Predictions loss 3.99629e-02 OA 0.81442 AA 0.75465 IOU 0.61849
Predictions loss 3.32323e-02 OA 0.83833 AA 0.77625 IOU 0.65254
Predictions loss 4.12901e-02 OA 0.80308 AA 0.73483 IOU 0.61126
Predictions loss 3.18046e-02 OA 0.85413 AA 0.76823 IOU 0.67450
Predictions loss 2.72158e-02 OA 0.86548 AA 0.80926 IOU 0.70694
Predictions loss 3.31285e-02 OA 0.83712 AA 0.74798 IOU 0.64512
Predictions loss 3.07921e-02 OA 0.85616 AA 0.77092 IOU 0.67322
Predictions loss 2.76274e-02 OA 0.87115 AA 0.82444 IOU 0.72170
Predictions loss 2.95854e-02 OA 0.85778 AA 0.80027 IOU 0.70155
Predictions loss 3.08777e-02 OA 0.85251 AA 0.80444 IOU 0.69291
Predictions loss 2.63457e-02 OA 0.87601 AA 0.82990 IOU 0.73274
Predictions loss 2.74692e-02 OA 0.86953 AA 0.82822 IOU 0.71633
Predictions loss 2.65678e-02 OA 0.87075 AA 0.80531 IOU 0.71298
Predictions loss 2.53363e-02 OA 0.86831 AA 0.83452 IOU 0.73279
Predictions loss 2.46020e-02 OA 0.88088 AA 0.84435 IOU 0.73574
Predictions loss 2.47667e-02 OA 0.89222 AA 0.85096 IOU 0.74672
Predictions loss 2.58636e-02 OA 0.88614 AA 0.85722 IOU 0.75299
Predictions loss 2.59034e-02 OA 0.88006 AA 0.83602 IOU 0.74033
Predictions loss 2.41797e-02 OA 0.89019 AA 0.84937 IOU 0.76283
Predictions loss 2.42784e-02 OA 0.88695 AA 0.85380 IOU 0.75176
Predictions loss 2.32622e-02 OA 0.89384 AA 0.85392 IOU 0.76018
Predictions loss 2.58800e-02 OA 0.88655 AA 0.84588 IOU 0.74949
Predictions loss 2.65110e-02 OA 0.89060 AA 0.84933 IOU 0.75029
Predictions loss 2.31660e-02 OA 0.89384 AA 0.85205 IOU 0.76305
Predictions loss 2.36170e-02 OA 0.89789 AA 0.85937 IOU 0.77181
Predictions loss 2.15062e-02 OA 0.90235 AA 0.86938 IOU 0.78315
Predictions loss 2.13045e-02 OA 0.90316 AA 0.87254 IOU 0.78518
Predictions loss 2.09264e-02 OA 0.90032 AA 0.86284 IOU 0.77502
Predictions loss 2.10915e-02 OA 0.90316 AA 0.85650 IOU 0.77051
Predictions loss 2.08026e-02 OA 0.90357 AA 0.86949 IOU 0.78521
Predictions loss 1.90143e-02 OA 0.90681 AA 0.87651 IOU 0.78925
Predictions loss 2.06077e-02 OA 0.90154 AA 0.86437 IOU 0.77840
Predictions loss 2.02078e-02 OA 0.90559 AA 0.87233 IOU 0.78658
Predictions loss 2.06857e-02 OA 0.90721 AA 0.87508 IOU 0.79541
Predictions loss 2.02556e-02 OA 0.90357 AA 0.87422 IOU 0.79047
Predictions loss 1.99168e-02 OA 0.90519 AA 0.87216 IOU 0.78641
Predictions loss 2.07483e-02 OA 0.90519 AA 0.87570 IOU 0.79335
Predictions loss 1.99285e-02 OA 0.90843 AA 0.87738 IOU 0.79265
Predictions loss 1.99750e-02 OA 0.90357 AA 0.86554 IOU 0.78323
Predictions loss 2.01291e-02 OA 0.90194 AA 0.87033 IOU 0.78571
Predictions loss 1.98684e-02 OA 0.90559 AA 0.87078 IOU 0.79497
Predictions loss 2.00981e-02 OA 0.90235 AA 0.86146 IOU 0.78278
Predictions loss 2.00894e-02 OA 0.91045 AA 0.87783 IOU 0.80047
Predictions loss 2.10224e-02 OA 0.90600 AA 0.87095 IOU 0.78727
Predictions loss 2.03132e-02 OA 0.90154 AA 0.86941 IOU 0.78616
Predictions loss 1.95778e-02 OA 0.91451 AA 0.88428 IOU 0.80592
Predictions loss 2.07239e-02 OA 0.90519 AA 0.86937 IOU 0.78616
Predictions loss 2.06819e-02 OA 0.90640 AA 0.87670 IOU 0.79266
Predictions loss 2.05582e-02 OA 0.90802 AA 0.87712 IOU 0.79445
Predictions loss 2.08430e-02 OA 0.90559 AA 0.87195 IOU 0.78968
Predictions loss 2.05429e-02 OA 0.90883 AA 0.87962 IOU 0.79992
Predictions loss 2.08507e-02 OA 0.90600 AA 0.86795 IOU 0.78296
Predictions loss 2.18308e-02 OA 0.91005 AA 0.87916 IOU 0.79628
Predictions loss 1.96689e-02 OA 0.90924 AA 0.87516 IOU 0.79241
Predictions loss 2.06005e-02 OA 0.90397 AA 0.87028 IOU 0.78858
Predictions loss 1.99611e-02 OA 0.90964 AA 0.87245 IOU 0.79452
Predictions loss 2.16947e-02 OA 0.90235 AA 0.86900 IOU 0.79078
Predictions loss 2.02632e-02 OA 0.90559 AA 0.87124 IOU 0.78824
Predictions loss 2.06270e-02 OA 0.90235 AA 0.86608 IOU 0.77988
Predictions loss 2.03058e-02 OA 0.90640 AA 0.87250 IOU 0.79084
Predictions loss 2.02864e-02 OA 0.90681 AA 0.87187 IOU 0.78962
Predictions loss 2.09934e-02 OA 0.91005 AA 0.87453 IOU 0.79809
Predictions loss 2.06559e-02 OA 0.90640 AA 0.87233 IOU 0.79091
Predictions loss 2.06303e-02 OA 0.91248 AA 0.88058 IOU 0.80024
Predictions loss 2.04747e-02 OA 0.90883 AA 0.88178 IOU 0.80502
Predictions loss 2.06066e-02 OA 0.90843 AA 0.87191 IOU 0.78972
Predictions loss 2.10047e-02 OA 0.91086 AA 0.87558 IOU 0.79455
Predictions loss 2.09670e-02 OA 0.91126 AA 0.87641 IOU 0.79877
Predictions loss 2.09872e-02 OA 0.90438 AA 0.87975 IOU 0.79596
Predictions loss 2.06522e-02 OA 0.90924 AA 0.87562 IOU 0.79344
Predictions loss 2.00282e-02 OA 0.91126 AA 0.88203 IOU 0.80106
Predictions loss 2.00526e-02 OA 0.91694 AA 0.88487 IOU 0.80974
Predictions loss 2.05940e-02 OA 0.90235 AA 0.87233 IOU 0.79276
Predictions loss 2.06004e-02 OA 0.90519 AA 0.87333 IOU 0.78875
Predictions loss 1.96138e-02 OA 0.91086 AA 0.88412 IOU 0.80280
Predictions loss 2.00931e-02 OA 0.91086 AA 0.87808 IOU 0.80032
Predictions loss 2.09712e-02 OA 0.90762 AA 0.87749 IOU 0.79283
Predictions loss 2.01983e-02 OA 0.90802 AA 0.87942 IOU 0.79850
Predictions loss 2.06417e-02 OA 0.91126 AA 0.87754 IOU 0.80063
Predictions loss 2.03461e-02 OA 0.91086 AA 0.87299 IOU 0.79186
Predictions loss 1.98752e-02 OA 0.91329 AA 0.87774 IOU 0.79921
Predictions loss 2.07390e-02 OA 0.91207 AA 0.87883 IOU 0.80190
Predictions loss 1.98750e-02 OA 0.90762 AA 0.87358 IOU 0.79412
Predictions loss 2.08415e-02 OA 0.91045 AA 0.87678 IOU 0.79753
Predictions loss 2.01172e-02 OA 0.91045 AA 0.87837 IOU 0.79870
Predictions loss 2.11455e-02 OA 0.90681 AA 0.87880 IOU 0.79223
Predictions loss 1.98225e-02 OA 0.90924 AA 0.88187 IOU 0.79927
Predictions loss 1.98083e-02 OA 0.91086 AA 0.88212 IOU 0.80446
Predictions loss 2.08730e-02 OA 0.90316 AA 0.86833 IOU 0.78681
Predictions loss 2.05394e-02 OA 0.91086 AA 0.87895 IOU 0.80156
Predictions loss 2.02674e-02 OA 0.91207 AA 0.87691 IOU 0.79736
Predictions loss 2.03294e-02 OA 0.91045 AA 0.87579 IOU 0.80112
Predictions loss 2.00054e-02 OA 0.91370 AA 0.87995 IOU 0.80207
Predictions loss 2.06993e-02 OA 0.91045 AA 0.87770 IOU 0.79413
Predictions loss 2.03454e-02 OA 0.91126 AA 0.88024 IOU 0.79874
Predictions loss 2.05943e-02 OA 0.91126 AA 0.87691 IOU 0.79781
