000 (6850.000.000) 04/10 20:48:27 Job submitted from host: <10.37.0.9:9618?addrs=10.37.0.9-9618+[--1]-9618&noUDP&sock=961_be9a_3>
...
001 (6850.000.000) 04/10 20:48:28 Job executing on host: <10.37.0.63:9618?addrs=10.37.0.63-9618+[--1]-9618&noUDP&sock=2732_80d4_28>
...
006 (6850.000.000) 04/10 20:48:37 Image size of job updated: 36928
	21  -  MemoryUsage of job (MB)
	21352  -  ResidentSetSize of job (KB)
...
006 (6850.000.000) 04/10 20:53:38 Image size of job updated: 1641824
	1300  -  MemoryUsage of job (MB)
	1330436  -  ResidentSetSize of job (KB)
...
006 (6850.000.000) 04/10 20:58:38 Image size of job updated: 1642796
	1301  -  MemoryUsage of job (MB)
	1331408  -  ResidentSetSize of job (KB)
...
006 (6850.000.000) 04/10 21:23:40 Image size of job updated: 1643020
	1301  -  MemoryUsage of job (MB)
	1331632  -  ResidentSetSize of job (KB)
...
006 (6850.000.000) 04/10 21:28:42 Image size of job updated: 1643196
	1301  -  MemoryUsage of job (MB)
	1331808  -  ResidentSetSize of job (KB)
...
006 (6850.000.000) 04/10 21:38:42 Image size of job updated: 1643220
	1301  -  MemoryUsage of job (MB)
	1331832  -  ResidentSetSize of job (KB)
...
006 (6850.000.000) 04/10 22:13:46 Image size of job updated: 1643440
	1301  -  MemoryUsage of job (MB)
	1332184  -  ResidentSetSize of job (KB)
...
006 (6850.000.000) 04/10 22:53:49 Image size of job updated: 1643504
	1301  -  MemoryUsage of job (MB)
	1332184  -  ResidentSetSize of job (KB)
...
006 (6850.000.000) 04/10 23:03:50 Image size of job updated: 1643668
	1302  -  MemoryUsage of job (MB)
	1332280  -  ResidentSetSize of job (KB)
...
006 (6850.000.000) 04/10 23:13:51 Image size of job updated: 1644304
	1302  -  MemoryUsage of job (MB)
	1332916  -  ResidentSetSize of job (KB)
...
006 (6850.000.000) 04/10 23:48:54 Image size of job updated: 1644356
	1302  -  MemoryUsage of job (MB)
	1332968  -  ResidentSetSize of job (KB)
...
006 (6850.000.000) 04/10 23:58:56 Image size of job updated: 1644480
	1302  -  MemoryUsage of job (MB)
	1333092  -  ResidentSetSize of job (KB)
...
006 (6850.000.000) 04/11 00:08:56 Image size of job updated: 1644920
	1302  -  MemoryUsage of job (MB)
	1333148  -  ResidentSetSize of job (KB)
...
005 (6850.000.000) 04/11 00:15:39 Job terminated.
	(1) Normal termination (return value 0)
		Usr 0 06:01:52, Sys 0 00:22:23  -  Run Remote Usage
		Usr 0 00:00:00, Sys 0 00:00:00  -  Run Local Usage
		Usr 0 06:01:52, Sys 0 00:22:23  -  Total Remote Usage
		Usr 0 00:00:00, Sys 0 00:00:00  -  Total Local Usage
	0  -  Run Bytes Sent By Job
	0  -  Run Bytes Received By Job
	0  -  Total Bytes Sent By Job
	0  -  Total Bytes Received By Job
	Partitionable Resources :    Usage  Request Allocated
	   Cpus                 :                 1         3
	   Disk (KB)            :        1        1 101421663
	   Gpus                 :                           1
	   Memory (MB)          :     1302        1     64465
...
